# JRE version: OpenJDK Runtime Environment (17.0.6) (build 17.0.6+0-b2043.56-10027231)
# Java VM: OpenJDK 64-Bit Server VM (17.0.6+0-b2043.56-10027231, mixed mode, tiered, compressed oops, compressed class ptrs, g1 gc, windows-amd64)
GC Precious Log:
 CPUs: 8 total, 8 available
 Memory: 16275M
 Large Page Support: Disabled
 NUMA Support: Disabled
 Compressed Oops: Enabled (32-bit)
 Heap Region Size: 1M
 Heap Min Capacity: 8M
 Heap Initial Capacity: 256M
 Heap Max Capacity: 2G
 Pre-touch: Disabled
 Parallel Workers: 8
 Concurrent Workers: 2
 Concurrent Refinement Workers: 8
 Periodic GC: Disabled
Heap:
 garbage-first heap   total 262144K, used 148387K [0x0000000080000000, 0x0000000100000000)
  region size 1024K, 7 young (7168K), 7 survivors (7168K)
 Metaspace       used 114034K, committed 114752K, reserved 1155072K
  class space    used 15157K, committed 15488K, reserved 1048576K
GC Heap History (20 events):
Event: 15.476 GC heap after
{Heap after GC invocations=46 (full 0):
 garbage-first heap   total 215040K, used 96708K [0x0000000080000000, 0x0000000100000000)
  region size 1024K, 11 young (11264K), 11 survivors (11264K)
 Metaspace       used 99302K, committed 100032K, reserved 1138688K
  class space    used 13500K, committed 13824K, reserved 1048576K
}
Event: 15.485 GC heap before
{Heap before GC invocations=46 (full 0):
 garbage-first heap   total 215040K, used 97732K [0x0000000080000000, 0x0000000100000000)
  region size 1024K, 12 young (12288K), 11 survivors (11264K)
 Metaspace       used 99397K, committed 100160K, reserved 1138688K
  class space    used 13536K, committed 13888K, reserved 1048576K
}
Event: 15.493 GC heap after
{Heap after GC invocations=47 (full 0):
 garbage-first heap   total 215040K, used 97889K [0x0000000080000000, 0x0000000100000000)
  region size 1024K, 2 young (2048K), 2 survivors (2048K)
 Metaspace       used 99397K, committed 100160K, reserved 1138688K
  class space    used 13536K, committed 13888K, reserved 1048576K
}
Event: 15.851 GC heap before
{Heap before GC invocations=47 (full 0):
 garbage-first heap   total 215040K, used 159329K [0x0000000080000000, 0x0000000100000000)
  region size 1024K, 63 young (64512K), 2 survivors (2048K)
 Metaspace       used 99700K, committed 100352K, reserved 1138688K
  class space    used 13554K, committed 13888K, reserved 1048576K
}
Event: 15.855 GC heap after
{Heap after GC invocations=48 (full 0):
 garbage-first heap   total 215040K, used 102054K [0x0000000080000000, 0x0000000100000000)
  region size 1024K, 6 young (6144K), 6 survivors (6144K)
 Metaspace       used 99700K, committed 100352K, reserved 1138688K
  class space    used 13554K, committed 13888K, reserved 1048576K
}
Event: 16.606 GC heap before
{Heap before GC invocations=48 (full 0):
 garbage-first heap   total 215040K, used 166566K [0x0000000080000000, 0x0000000100000000)
  region size 1024K, 68 young (69632K), 6 survivors (6144K)
 Metaspace       used 102562K, committed 103296K, reserved 1138688K
  class space    used 13932K, committed 14272K, reserved 1048576K
}
Event: 16.619 GC heap after
{Heap after GC invocations=49 (full 0):
 garbage-first heap   total 215040K, used 121129K [0x0000000080000000, 0x0000000100000000)
  region size 1024K, 9 young (9216K), 9 survivors (9216K)
 Metaspace       used 102562K, committed 103296K, reserved 1138688K
  class space    used 13932K, committed 14272K, reserved 1048576K
}
Event: 17.071 GC heap before
{Heap before GC invocations=49 (full 0):
 garbage-first heap   total 215040K, used 170281K [0x0000000080000000, 0x0000000100000000)
  region size 1024K, 50 young (51200K), 9 survivors (9216K)
 Metaspace       used 103359K, committed 104128K, reserved 1138688K
  class space    used 14015K, committed 14400K, reserved 1048576K
}
Event: 17.081 GC heap after
{Heap after GC invocations=50 (full 0):
 garbage-first heap   total 215040K, used 131331K [0x0000000080000000, 0x0000000100000000)
  region size 1024K, 7 young (7168K), 7 survivors (7168K)
 Metaspace       used 103359K, committed 104128K, reserved 1138688K
  class space    used 14015K, committed 14400K, reserved 1048576K
}
Event: 17.583 GC heap before
{Heap before GC invocations=51 (full 0):
 garbage-first heap   total 237568K, used 183555K [0x0000000080000000, 0x0000000100000000)
  region size 1024K, 42 young (43008K), 7 survivors (7168K)
 Metaspace       used 105803K, committed 106560K, reserved 1146880K
  class space    used 14332K, committed 14720K, reserved 1048576K
}
Event: 17.589 GC heap after
{Heap after GC invocations=52 (full 0):
 garbage-first heap   total 237568K, used 129368K [0x0000000080000000, 0x0000000100000000)
  region size 1024K, 3 young (3072K), 3 survivors (3072K)
 Metaspace       used 105803K, committed 106560K, reserved 1146880K
  class space    used 14332K, committed 14720K, reserved 1048576K
}
Event: 17.629 GC heap before
{Heap before GC invocations=52 (full 0):
 garbage-first heap   total 237568K, used 136536K [0x0000000080000000, 0x0000000100000000)
  region size 1024K, 11 young (11264K), 3 survivors (3072K)
 Metaspace       used 106398K, committed 107136K, reserved 1146880K
  class space    used 14386K, committed 14720K, reserved 1048576K
}
Event: 17.633 GC heap after
{Heap after GC invocations=53 (full 0):
 garbage-first heap   total 237568K, used 128860K [0x0000000080000000, 0x0000000100000000)
  region size 1024K, 2 young (2048K), 2 survivors (2048K)
 Metaspace       used 106398K, committed 107136K, reserved 1146880K
  class space    used 14386K, committed 14720K, reserved 1048576K
}
Event: 18.218 GC heap before
{Heap before GC invocations=53 (full 0):
 garbage-first heap   total 237568K, used 184156K [0x0000000080000000, 0x0000000100000000)
  region size 1024K, 57 young (58368K), 2 survivors (2048K)
 Metaspace       used 108786K, committed 109504K, reserved 1146880K
  class space    used 14624K, committed 14976K, reserved 1048576K
}
Event: 18.223 GC heap after
{Heap after GC invocations=54 (full 0):
 garbage-first heap   total 237568K, used 133713K [0x0000000080000000, 0x0000000100000000)
  region size 1024K, 6 young (6144K), 6 survivors (6144K)
 Metaspace       used 108786K, committed 109504K, reserved 1146880K
  class space    used 14624K, committed 14976K, reserved 1048576K
}
Event: 18.894 GC heap before
{Heap before GC invocations=54 (full 0):
 garbage-first heap   total 237568K, used 187985K [0x0000000080000000, 0x0000000100000000)
  region size 1024K, 60 young (61440K), 6 survivors (6144K)
 Metaspace       used 112001K, committed 112704K, reserved 1146880K
  class space    used 14945K, committed 15296K, reserved 1048576K
}
Event: 18.902 GC heap after
{Heap after GC invocations=55 (full 0):
 garbage-first heap   total 237568K, used 141192K [0x0000000080000000, 0x0000000100000000)
  region size 1024K, 8 young (8192K), 8 survivors (8192K)
 Metaspace       used 112001K, committed 112704K, reserved 1146880K
  class space    used 14945K, committed 15296K, reserved 1048576K
}
Event: 19.211 GC heap before
{Heap before GC invocations=55 (full 0):
 garbage-first heap   total 237568K, used 189320K [0x0000000080000000, 0x0000000100000000)
  region size 1024K, 56 young (57344K), 8 survivors (8192K)
 Metaspace       used 112734K, committed 113472K, reserved 1146880K
  class space    used 15011K, committed 15360K, reserved 1048576K
}
Event: 19.218 GC heap after
{Heap after GC invocations=56 (full 0):
 garbage-first heap   total 237568K, used 143328K [0x0000000080000000, 0x0000000100000000)
  region size 1024K, 5 young (5120K), 5 survivors (5120K)
 Metaspace       used 112734K, committed 113472K, reserved 1146880K
  class space    used 15011K, committed 15360K, reserved 1048576K
}
Event: 19.657 GC heap before
{Heap before GC invocations=56 (full 0):
 garbage-first heap   total 237568K, used 192480K [0x0000000080000000, 0x0000000100000000)
  region size 1024K, 54 young (55296K), 5 survivors (5120K)
 Metaspace       used 114034K, committed 114752K, reserved 1155072K
  class space    used 15157K, committed 15488K, reserved 1048576K
}

